<?xml version="1.0" encoding="utf-8"?><testsuites name="pytest tests"><testsuite name="pytest" errors="0" failures="0" skipped="0" tests="10" time="18.077" timestamp="2026-01-19T17:57:21.834137+00:00" hostname="agent-env-a01ea15d-eedb-4d0e-8517-5974f6d9027e"><testcase classname="tests.test_backend_api.TestHealthEndpoints" name="test_root_endpoint" time="0.073" /><testcase classname="tests.test_backend_api.TestHealthEndpoints" name="test_status_post" time="0.054" /><testcase classname="tests.test_backend_api.TestHealthEndpoints" name="test_status_get" time="0.041" /><testcase classname="tests.test_backend_api.TestChatAPI" name="test_chat_with_text_source" time="4.522" /><testcase classname="tests.test_backend_api.TestChatAPI" name="test_chat_with_multiple_sources" time="2.237" /><testcase classname="tests.test_backend_api.TestChatAPI" name="test_chat_session_persistence" time="5.924" /><testcase classname="tests.test_backend_api.TestChatAPI" name="test_chat_empty_sources" time="2.980" /><testcase classname="tests.test_backend_api.TestChatAPI" name="test_chat_with_file_data_placeholder" time="2.045" /><testcase classname="tests.test_backend_api.TestChatAPIValidation" name="test_chat_missing_question" time="0.057" /><testcase classname="tests.test_backend_api.TestChatAPIValidation" name="test_chat_missing_sources" time="0.038" /></testsuite></testsuites>